  
*** Using Compiler 'V5.06 update 5 (build 528)', folder: 'C:\Keil_v5\ARM\ARMCC\Bin'
Build target 'Device'
compiling main.cpp...
compiling Message.cpp...
compiling Transceiver.cpp...
compiling log.cpp...
compiling defines.cpp...
compiling Transceiver_Device.cpp...
compiling MessageMgr.cpp...
compiling tables.cpp...
compiling Heap.cpp...
compiling DataSettings.cpp...
compiling device.cpp...
compiling Reader.cpp...
compiling Colors_stm.cpp...
compiling Colors.cpp...
compiling Console.cpp...
compiling Painter.cpp...
compiling Grid.cpp...
compiling PainterMem.cpp...
compiling Primitives_stm.cpp...
compiling Display.cpp...
compiling Primitives.cpp...
compiling Font.cpp...
compiling fontDigits64.cpp...
compiling AD9286.cpp...
compiling ContextRecorder.cpp...
compiling FPGA.cpp...
compiling FlashDrive.cpp...
compiling FileManager.cpp...
compiling FPGA_HAL_stm.cpp...
compiling FPGA_stm.cpp...
compiling FPGA_Settings.cpp...
compiling FPGA_HAL.cpp...
compiling ContextFreqMeter.cpp...
compiling MathFPGA.cpp...
compiling ContextOsci.cpp...
compiling ContextTester.cpp...
compiling AT25160N.cpp...
compiling Battery.cpp...
compiling Beeper.cpp...
compiling Memory.cpp...
compiling RAM.cpp...
compiling Timer.cpp...
assembling startup_stm32f437xx.s...
compiling system_stm32f4xx.c...
compiling HAL.cpp...
compiling VCP.cpp...
compiling HAL_ADC1.cpp...
compiling HAL_CRC32.cpp...
compiling HAL_DAC1.cpp...
compiling HAL_ADC3.cpp...
compiling HAL_DAC2.cpp...
compiling HAL_EEPROM.cpp...
compiling HAL_IT.cpp...
compiling HAL_FSMC.cpp...
compiling HAL_MSP.cpp...
compiling HAL_NVIC.cpp...
compiling HAL_OTP.cpp...
compiling HAL_RTC.cpp...
compiling HAL_PIO.cpp...
compiling HAL_TIM.cpp...
compiling HAL_USART3.cpp...
compiling usbd_conf.cpp...
compiling usbd_cdc_interface.cpp...
compiling usbd_core.cpp...
compiling BufferButtons.cpp...
compiling usbd_desc.cpp...
compiling usbh_conf.cpp...
compiling usbh_diskio.cpp...
compiling DecoderDevice.cpp...
compiling Keyboard.cpp...
compiling MenuItems.cpp...
compiling MenuItemsGraphics.cpp...
compiling HandlersKeys.cpp...
compiling Menu.cpp...
compiling PageChannels.cpp...
compiling PageTime.cpp...
compiling PageFFT.cpp...
compiling PageFreqMeter.cpp...
compiling PageFunction.cpp...
compiling PageTester.cpp...
compiling PageMultimeter.cpp...
compiling PageDisplay.cpp...
compiling PageDisplay_Settings.cpp...
compiling PageDisplay_Settings_Colors.cpp...
compiling PageAccumulation.cpp...
compiling HelpContent.cpp...
compiling PageHelp.cpp...
compiling PageMeasures.cpp...
compiling PageMeasures_Auto.cpp...
compiling PageMeasures_Auto_Tune.cpp...
compiling PageMeasures_Cursors.cpp...
compiling PageMeasures_Math.cpp...
compiling PageMeasures_Cursors_Set.cpp...
compiling PageMemory_RAM.cpp...
compiling PageRecorder.cpp...
compiling PageRecorder_Show_Choice.cpp...
compiling PageRecorder_Show.cpp...
compiling PageMemory.cpp...
compiling PageMemory_ROM.cpp...
compiling PageRecorder_Show_Cursors.cpp...
compiling PageRecorder_Source.cpp...
compiling PageService.cpp...
compiling PageService_Battery.cpp...
compiling PageService_Calibrate.cpp...
compiling PageService_Info.cpp...
compiling PageService_RTC.cpp...
compiling PageDebug_Console.cpp...
compiling PageDebug_Rand.cpp...
compiling PageTrig.cpp...
compiling PageTrig_HoldOff.cpp...
compiling PageTrig_Find.cpp...
compiling Multimeter.cpp...
compiling PageDebug.cpp...
compiling DisplayMultimeter.cpp...
compiling Osci.cpp...
compiling AveragerOsci.cpp...
compiling FrequencyCounter.cpp...
compiling Accumulator.cpp...
compiling StorageOsci.cpp...
compiling SettingsOsci.cpp...
compiling MemoryWindow.cpp...
compiling HiPart.cpp...
compiling BottomPart.cpp...
compiling DisplayOsci.cpp...
compiling PainterData.cpp...
compiling Measurements_Table.cpp...
compiling Cursors.cpp...
compiling Measurements_PageChoice.cpp...
compiling Measures.cpp...
compiling Recorder.cpp...
compiling Measurements.cpp...
compiling StorageRecorder.cpp...
compiling DisplayRecorder.cpp...
compiling Settings.cpp...
compiling Settings_stm.cpp...
compiling Settings_default.cpp...
compiling SettingsTransformation.cpp...
compiling DisplayTester.cpp...
compiling Tester.cpp...
compiling Averager.cpp...
compiling Buffer.cpp...
compiling CommonFunctions.cpp...
compiling Debug.cpp...
compiling Smoother.cpp...
compiling Math.cpp...
compiling Stack.cpp...
compiling String.cpp...
compiling Values.cpp...
compiling StringUtils.cpp...
compiling SCPI.cpp...
compiling diskio.c...
compiling ccsbcs.c...
compiling ff.c...
compiling syscall.c...
compiling ff_gen_drv.c...
compiling stm32f4xx_hal.c...
compiling stm32f4xx_hal_adc_ex.c...
compiling stm32f4xx_hal_adc.c...
compiling stm32f4xx_hal_cortex.c...
compiling stm32f4xx_hal_dac.c...
compiling stm32f4xx_hal_crc.c...
compiling stm32f4xx_hal_dma.c...
compiling stm32f4xx_hal_dac_ex.c...
compiling stm32f4xx_hal_flash.c...
compiling stm32f4xx_hal_flash_ex.c...
compiling stm32f4xx_hal_hcd.c...
compiling stm32f4xx_hal_gpio.c...
compiling stm32f4xx_hal_nor.c...
compiling stm32f4xx_hal_pcd.c...
compiling stm32f4xx_hal_rtc.c...
compiling stm32f4xx_hal_rtc_ex.c...
compiling stm32f4xx_hal_pcd_ex.c...
compiling stm32f4xx_hal_rcc.c...
compiling stm32f4xx_hal_sram.c...
compiling stm32f4xx_hal_spi.c...
compiling stm32f4xx_hal_tim_ex.c...
compiling stm32f4xx_ll_fmc.c...
compiling stm32f4xx_hal_tim.c...
compiling stm32f4xx_ll_usb.c...
compiling stm32f4xx_hal_uart.c...
compiling usbd_ioreq.c...
compiling stm32f4xx_hal_rcc_ex.c...
compiling usbd_ctlreq.c...
compiling usbd_cdc.c...
compiling usbh_msc.c...
compiling usbh_core.c...
compiling usbh_pipes.c...
compiling usbh_ctlreq.c...
compiling usbh_ioreq.c...
compiling usbh_msc_scsi.c...
compiling usbh_msc_bot.c...
linking...
Program Size: Code=174156 RO-data=71360 RW-data=72148 ZI-data=172612  
FromELF: creating hex file...
After Build - User command #1: c:\Keil_v5\ARM\ARMCC\bin\fromelf.exe --bin Objects\S8-57.axf --output S8-57.bin
".\Objects\S8-57.axf" - 0 Error(s), 0 Warning(s).
Build Time Elapsed:  00:00:23
