  
*** Using Compiler 'V5.06 update 7 (build 960)', folder: 'C:\Keil_v5\ARM\ARMCC\Bin'
Build target 'Device'
Note: source file '.\src\Utils\Averager.cpp' - object file renamed from '.\Objects\Averager.o' to '.\Objects\averager_1.o'.compiling ccsbcs.c...
compiling diskio.c...
compiling syscall.c...
compiling ff.c...
compiling stm32f4xx_hal.c...
compiling ff_gen_drv.c...
compiling stm32f4xx_hal_adc.c...
compiling stm32f4xx_hal_adc_ex.c...
compiling stm32f4xx_hal_cortex.c...
compiling stm32f4xx_hal_crc.c...
compiling stm32f4xx_hal_dac.c...
compiling stm32f4xx_hal_dac_ex.c...
compiling stm32f4xx_hal_dma.c...
compiling stm32f4xx_hal_flash.c...
compiling stm32f4xx_hal_flash_ex.c...
compiling stm32f4xx_hal_hcd.c...
compiling stm32f4xx_hal_gpio.c...
compiling stm32f4xx_hal_nor.c...
compiling stm32f4xx_hal_pcd.c...
compiling stm32f4xx_hal_pcd_ex.c...
compiling stm32f4xx_hal_rcc.c...
compiling stm32f4xx_hal_rtc_ex.c...
compiling stm32f4xx_hal_rtc.c...
compiling stm32f4xx_hal_sram.c...
compiling stm32f4xx_hal_spi.c...
compiling stm32f4xx_hal_tim_ex.c...
compiling stm32f4xx_hal_tim.c...
compiling stm32f4xx_hal_uart.c...
compiling stm32f4xx_ll_fmc.c...
compiling stm32f4xx_ll_usb.c...
compiling stm32f4xx_hal_rcc_ex.c...
compiling stm32f4xx_hal_pwr.c...
compiling usbd_ctlreq.c...
compiling usbd_cdc.c...
compiling usbd_ioreq.c...
compiling usbh_core.c...
compiling usbh_cdc.c...
compiling usbh_ctlreq.c...
compiling usbh_ioreq.c...
compiling usbh_msc.c...
compiling usbh_msc_bot.c...
compiling Battery.cpp...
compiling AT25160N.cpp...
compiling PowerBreaker.cpp...
compiling usbh_pipes.c...
compiling usbh_msc_scsi.c...
compiling Beeper.cpp...
compiling Timer.cpp...
assembling startup_stm32f437xx.s...
compiling VCP_stm.cpp...
compiling system_stm32f4xx.c...
compiling HAL_ADC1.cpp...
compiling HAL.cpp...
compiling HAL_ADC3.cpp...
compiling HAL_CRC32.cpp...
compiling HAL_DAC2_stm.cpp...
compiling HAL_DAC1.cpp...
compiling HAL_FSMC_PAN_stm.cpp...
compiling HAL_FSMC_stm.cpp...
compiling HAL_HCD.cpp...
compiling HAL_IT.cpp...
compiling HAL_OTP.cpp...
compiling HAL_NVIC.cpp...
compiling HAL_PCD.cpp...
compiling HAL_PIO.cpp...
compiling HAL_RTC.cpp...
compiling HAL_ROM_stm.cpp...
compiling HAL_SPI4.cpp...
compiling HAL_TIM2_stm.cpp...
compiling HAL_TIM5.cpp...
compiling HAL_TIM3_stm.cpp...
assembling fsmc.s...
compiling IntRAM.cpp...
compiling ExtRAM.cpp...
compiling ROM_Data.cpp...
compiling HAL_USART3.cpp...
compiling RAM.cpp...
compiling ROM.cpp...
compiling ROM_NRST.cpp...
compiling Sector.cpp...
compiling usbd_cdc_interface.cpp...
compiling usbd_conf.cpp...
compiling usbd_core.cpp...
compiling usbd_desc.cpp...
compiling defines.cpp...
compiling globals.cpp...
compiling usbh_conf.cpp...
compiling log_stm.cpp...
compiling usbh_diskio.cpp...
compiling MessageMgr.cpp...
compiling main.cpp...
compiling device.cpp...
compiling tables.cpp...
compiling Decoder_d.cpp...
compiling Message.cpp...
compiling Colors.cpp...
compiling Console.cpp...
compiling Grid.cpp...
compiling Painter_stm.cpp...
compiling PainterMem.cpp...
compiling Primitives_stm.cpp...
compiling Primitives.cpp...
compiling Display.cpp...
compiling Warnings.cpp...
compiling Font_d.cpp...
compiling AdvancedFont_d.cpp...
compiling AD9286.cpp...
compiling Calibrator.cpp...
compiling FPGA.cpp...
compiling FlashDrive.cpp...
compiling FPGA_HAL_stm.cpp...
compiling FileManager.cpp...
compiling FPGA_stm.cpp...
compiling FPGA_HAL.cpp...
compiling MathFPGA.cpp...
compiling SettingsFPGA.cpp...
compiling BufferButtons.cpp...
compiling DisplayFreqMeter.cpp...
compiling FreqMeter.cpp...
compiling Keyboard.cpp...
compiling HandlersKeys.cpp...
compiling MenuItems.cpp...
compiling MenuItemsGraphics.cpp...
compiling PageChannels.cpp...
compiling Menu.cpp...
compiling PageTrig.cpp...
compiling PageTime.cpp...
compiling PageDisplay.cpp...
compiling PageDisplay_Accumulation.cpp...
compiling PageDisplay_Settings.cpp...
compiling PageDisplay_Settings_Colors.cpp...
compiling PageFunction.cpp...
compiling PageFFT.cpp...
compiling PageFreqMeter.cpp...
compiling PageMultimeter.cpp...
compiling PageTester.cpp...
compiling PageHelp.cpp...
compiling HelpContent.cpp...
compiling PageMeasures.cpp...
compiling PageMeasures_Auto.cpp...
compiling PageMeasures_Auto_Tune.cpp...
compiling PageMeasures_Cursors.cpp...
compiling PageMemory_Drive.cpp...
compiling PageMeasures_Math.cpp...
compiling PageMeasures_Cursors_Set.cpp...
compiling PageMemory_RAM.cpp...
compiling PageMemory.cpp...
compiling PageRecorder_Show.cpp...
compiling PageMemory_ROM.cpp...
compiling PageRecorder.cpp...
compiling PageRecorder_Show_Cursors.cpp...
compiling PageRecorder_Show_Choice.cpp...
compiling PageRecorder_Source.cpp...
compiling PageService_Battery.cpp...
compiling PageService.cpp...
compiling PageService_Calibrate.cpp...
compiling PageService_Info.cpp...
compiling PageDebug_ADC.cpp...
compiling PageService_RTC.cpp...
compiling PageDebug_Console.cpp...
compiling PageDebug_Rand.cpp...
compiling PageDebug_Tests.cpp...
compiling Multimeter.cpp...
compiling PageDebug.cpp...
compiling AutoSearcher.cpp...
compiling DeviceSettings.cpp...
compiling DisplayMultimeter.cpp...
compiling Osci.cpp...
compiling Osci_stm.cpp...
compiling Reader.cpp...
compiling Roller.cpp...
compiling Accumulator.cpp...
compiling ParametersOsci.cpp...
compiling MemoryWindow.cpp...
compiling PainterData.cpp...
compiling HiPart.cpp...
compiling Averager.cpp...
compiling InterpolatorLinear.cpp...
compiling DisplayOsci.cpp...
compiling InterpolatorSinX_X.cpp...
compiling AutoMeasurements_PageChoice.cpp...
compiling AutoMeasurements_Table.cpp...
compiling Measures.cpp...
compiling AutoMeasurements.cpp...
compiling Recorder.cpp...
compiling CursorsMeasurements.cpp...
compiling DisplayRecorder.cpp...
compiling StorageRecorder.cpp...
compiling Sensor.cpp...
compiling ChannelsSCPI.cpp...
compiling SCPI.cpp...
compiling HeadSCPI.cpp...
compiling FftSCPI.cpp...
compiling KeySCPI.cpp...
compiling FreqMeterSCPI.cpp...
compiling DisplaySCPI.cpp...
compiling MeasuresSCPI.cpp...
compiling TBaseSCPI.cpp...
compiling MultimeterSCPI.cpp...
compiling TesterSCPI.cpp...
compiling TriggerSCPI.cpp...
compiling Settings.cpp...
compiling Settings_default.cpp...
compiling Settings_stm.cpp...
compiling SettingsNRST.cpp...
compiling Test.cpp...
compiling Test_Display.cpp...
compiling Test_Memory.cpp...
compiling Tester.cpp...
compiling Averager.cpp...
compiling Buffer.cpp...
compiling DisplayTester.cpp...
compiling Debug.cpp...
compiling Exceptions.cpp...
compiling Queue.cpp...
compiling Smoother.cpp...
compiling Stack.cpp...
compiling CommonFunctions.cpp...
compiling Math.cpp...
compiling String.cpp...
compiling Values.cpp...
compiling StringUtils.cpp...
linking...
Program Size: Code=210264 RO-data=100328 RW-data=71128 ZI-data=182296  
FromELF: creating hex file...
After Build - User command #1: c:\Keil_v5\ARM\ARMCC\bin\fromelf.exe --bin Objects\S8-57.axf --output S8-57.bin
".\Objects\S8-57.axf" - 0 Error(s), 0 Warning(s).
Build Time Elapsed:  00:00:28
  
Batch-Build summary: 1 succeeded, 0 failed, 0 skipped - Time Elapsed: 00:00:28
