  
*** Using Compiler 'V5.06 update 5 (build 528)', folder: 'C:\Keil_v5\ARM\ARMCC\Bin'
Build target 'Panel'
compiling main.cpp...
compiling Log.cpp...
compiling Display.cpp...
compiling Transceiver_Panel.cpp...
compiling PainterText.cpp...
compiling Painter.cpp...
compiling Colors.cpp...
compiling Text.cpp...
compiling Averager.cpp...
compiling Painter_stm.cpp...
compiling Text_stm.cpp...
compiling Font.cpp...
compiling CPU.cpp...
compiling Keyboard.cpp...
compiling CPU_IT.cpp...
compiling stm429.cpp...
compiling LTDC.cpp...
compiling DecoderPanel.cpp...
compiling Timer4XX.cpp...
compiling Math.cpp...
compiling Debug.cpp...
linking...
Program Size: Code=23100 RO-data=35152 RW-data=9828 ZI-data=157412  
".\Objects\PanelOSC.axf" - 0 Error(s), 0 Warning(s).
Build Time Elapsed:  00:00:04
