  
*** Using Compiler 'V5.06 update 7 (build 960)', folder: 'C:\Keil_v5\ARM\ARMCC\Bin'
Build target 'Panel'
compiling stm32f4xx_hal.c...
compiling stm32f4xx_hal_gpio.c...
compiling stm32f4xx_hal_cortex.c...
compiling stm32f4xx_hal_dma.c...
compiling stm32f4xx_hal_pwr.c...
compiling stm32f4xx_hal_pwr_ex.c...
compiling stm32f4xx_hal_tim_ex.c...
compiling stm32f4xx_hal_tim.c...
compiling stm32f4xx_hal_rcc_ex.c...
compiling stm32f4xx_hal_rcc.c...
compiling stm32f4xx_hal_ltdc.c...
compiling stm32f4xx_hal_dma2d.c...
compiling stm32f4xx_hal_dac_ex.c...
compiling stm32f4xx_hal_dac.c...
compiling CPU.cpp...
compiling CPU_IT.cpp...
assembling startup_stm32f429xx.s...
compiling Keyboard.cpp...
compiling LTDC.cpp...
compiling Timer.cpp...
compiling system_stm32f4xx.c...
compiling HAL.cpp...
compiling HAL_DAC2_stm.cpp...
compiling HAL_FSMC_stm.cpp...
compiling stm32f4xx_it.c...
compiling stm429.cpp...
compiling Timer4XX.cpp...
compiling main.cpp...
compiling Log.cpp...
compiling defines.cpp...
compiling Decoder_p.cpp...
compiling Display.cpp...
compiling Painter.cpp...
compiling PainterText.cpp...
compiling Text.cpp...
compiling Colors.cpp...
compiling Averager.cpp...
compiling Painter_stm.cpp...
compiling Text_stm.cpp...
compiling AdvancedFont_p.cpp...
compiling Font_p.cpp...
compiling Math.cpp...
compiling Debug.cpp...
compiling Queue.cpp...
linking...
Program Size: Code=17708 RO-data=57628 RW-data=9228 ZI-data=158924  
".\Objects\PanelOSC.axf" - 0 Error(s), 0 Warning(s).
Build Time Elapsed:  00:00:05
  
Batch-Build summary: 1 succeeded, 0 failed, 0 skipped - Time Elapsed: 00:00:05
