  
*** Using Compiler 'V5.06 update 5 (build 528)', folder: 'C:\Keil_v5\ARM\ARMCC\Bin'
Build target 'Panel'
compiling stm32f4xx_hal_cortex.c...
compiling stm32f4xx_hal.c...
compiling system_stm32f4xx.c...
compiling stm32f4xx_hal_dma.c...
compiling stm32f4xx_hal_gpio.c...
compiling stm32f4xx_hal_pwr.c...
compiling stm32f4xx_hal_tim_ex.c...
compiling stm32f4xx_hal_tim.c...
compiling stm32f4xx_hal_pwr_ex.c...
compiling stm32f4xx_hal_rcc.c...
compiling stm32f4xx_hal_rcc_ex.c...
compiling stm32f4xx_hal_dma2d.c...
compiling stm32f4xx_hal_ltdc.c...
compiling stm32f4xx_it.c...
compiling main.cpp...
compiling Painter.cpp...
compiling Log.cpp...
compiling PainterText.cpp...
compiling Display.cpp...
compiling PainterSTM429.cpp...
compiling Colors.cpp...
compiling PainterTextSTM429.cpp...
compiling Text.cpp...
compiling FSMC.cpp...
compiling CPU.cpp...
compiling Text_429.cpp...
compiling Font.cpp...
compiling CPU_IT.cpp...
compiling Keyboard.cpp...
compiling stm32.cpp...
compiling LTDC.cpp...
compiling Timer4XX.cpp...
compiling stm429.cpp...
compiling DecoderPanel.cpp...
compiling Math.cpp...
linking...
Program Size: Code=22552 RO-data=10688 RW-data=67140 ZI-data=156780  
".\Objects\PanelOSC.axf" - 0 Error(s), 0 Warning(s).
Build Time Elapsed:  00:00:17
