  
*** Using Compiler 'V5.06 update 7 (build 960)', folder: 'C:\Keil_v5\ARM\ARMCC\Bin'
Build target 'DLoader'
compiling syscall.c...
compiling ff_gen_drv.c...
compiling diskio.c...
compiling unicode.c...
compiling stm32f4xx_hal.c...
compiling stm32f4xx_hal_cortex.c...
compiling ff.c...
compiling stm32f4xx_hal_dma.c...
compiling stm32f4xx_hal_flash.c...
compiling stm32f4xx_hal_flash_ex.c...
compiling stm32f4xx_hal_gpio.c...
compiling stm32f4xx_hal_hcd.c...
compiling stm32f4xx_hal_rcc.c...
compiling stm32f4xx_hal_sram.c...
compiling stm32f4xx_hal_spi.c...
compiling stm32f4xx_ll_fmc.c...
compiling stm32f4xx_hal_tim_ex.c...
compiling stm32f4xx_hal_tim.c...
compiling stm32f4xx_ll_usb.c...
compiling usbh_core.c...
compiling usbh_ctlreq.c...
compiling usbh_ioreq.c...
compiling usbh_pipes.c...
compiling usbh_msc_bot.c...
compiling usbh_msc.c...
compiling usbh_msc_scsi.c...
compiling CPU.cpp...
compiling CPU_It.cpp...
compiling CPU_FLASH.cpp...
assembling startup_stm32f437xx.s...
compiling CPU_Panel.cpp...
compiling Timer.cpp...
compiling system_stm32f4xx.c...
compiling HAL.cpp...
compiling HAL_EEPROM.cpp...
compiling HAL_FSMC_PAN_stm.cpp...
compiling HAL_FSMC_stm.cpp...
compiling HAL_PIO.cpp...
compiling stm437.cpp...
compiling log.cpp...
compiling Timer4XX.cpp...
compiling usbh_conf.cpp...
compiling usbh_diskio.cpp...
compiling main.cpp...
compiling Decoder_d.cpp...
compiling AdvancedFont_d.cpp...
compiling Colors.cpp...
compiling Painter_stm.cpp...
compiling Display.cpp...
compiling Primitives_stm.cpp...
compiling Primitives.cpp...
compiling Font_d.cpp...
compiling FlashDrive.cpp...
compiling BufferButtons.cpp...
compiling Keyboard.cpp...
compiling Buffer.cpp...
compiling Math.cpp...
compiling String.cpp...
linking...
Program Size: Code=39074 RO-data=4534 RW-data=1572 ZI-data=151820  
".\Objects\DLoader57.axf" - 0 Error(s), 0 Warning(s).
Build Time Elapsed:  00:00:06
  
Batch-Build summary: 1 succeeded, 0 failed, 0 skipped - Time Elapsed: 00:00:06
